<?xml version="1.0" encoding="UTF-8"?>
<!-- Generated by org.testng.reporters.JUnitReportReporter -->
<testsuite hostname="FP-PC2383" name="test.java.TestLanguageSwitch" tests="1" failures="0" timestamp="25 May 2015 11:13:41 GMT" time="7.751" errors="0">
  <testcase name="test_language_switch" time="7.751" classname="test.java.TestLanguageSwitch"/>
</testsuite> <!-- test.java.TestLanguageSwitch -->
